<?xml version="1.0" encoding="utf-8"?>
<test-run id="2" name="Reflection.Randomness.exe" fullname="C:/Users/filepc/Desktop/ulearn/Reflection.Randomness.csproj/bin/Debug/Reflection.Randomness.exe" testcasecount="9" result="Passed" start-time="2018-12-02 16:31:49Z" end-time="2018-12-02 16:32:21Z" duration="31.997034" total="9" passed="9" failed="0" inconclusive="0" skipped="0" asserts="17" random-seed="1183812473">
  <command-line><![CDATA["C:\Users\filepc\Desktop\ulearn\Reflection.Randomness.csproj\bin\Debug\Reflection.Randomness.exe" ]]></command-line>
  <filter />
  <test-suite type="Assembly" id="1010" name="Reflection.Randomness.exe" fullname="C:/Users/filepc/Desktop/ulearn/Reflection.Randomness.csproj/bin/Debug/Reflection.Randomness.exe" runstate="Runnable" testcasecount="9" result="Passed" start-time="2018-12-02 16:31:49Z" end-time="2018-12-02 16:32:21Z" duration="31.997034" total="9" passed="9" failed="0" warnings="0" inconclusive="0" skipped="0" asserts="17">
    <environment framework-version="3.6.0.0" clr-version="4.0.30319.42000" os-version="Microsoft Windows NT 6.2.9200.0" platform="Win32NT" cwd="C:\Users\filepc\Desktop\ulearn\Reflection.Randomness.csproj\bin\Debug" machine-name="MAX-PC" user="filepc" user-domain="MAX-PC" culture="ru-RU" uiculture="ru-RU" os-architecture="x86" />
    <settings>
      <setting name="WorkDirectory" value="C:\Users\filepc\Desktop\ulearn\Reflection.Randomness.csproj\bin\Debug" />
      <setting name="NumberOfTestWorkers" value="8" />
    </settings>
    <properties>
      <property name="_PID" value="8484" />
      <property name="_APPDOMAIN" value="Reflection.Randomness.exe" />
    </properties>
    <test-suite type="TestSuite" id="1011" name="Reflection" fullname="Reflection" runstate="Runnable" testcasecount="9" result="Passed" start-time="2018-12-02 16:31:49Z" end-time="2018-12-02 16:32:21Z" duration="31.973507" total="9" passed="9" failed="0" warnings="0" inconclusive="0" skipped="0" asserts="17">
      <test-suite type="TestSuite" id="1012" name="Randomness" fullname="Reflection.Randomness" runstate="Runnable" testcasecount="9" result="Passed" start-time="2018-12-02 16:31:49Z" end-time="2018-12-02 16:32:21Z" duration="31.957127" total="9" passed="9" failed="0" warnings="0" inconclusive="0" skipped="0" asserts="17">
        <test-suite type="TestFixture" id="1000" name="Generator_should" fullname="Reflection.Randomness.Generator_should" classname="Reflection.Randomness.Generator_should" runstate="Runnable" testcasecount="9" result="Passed" start-time="2018-12-02 16:31:49Z" end-time="2018-12-02 16:32:21Z" duration="31.939680" total="9" passed="9" failed="0" warnings="0" inconclusive="0" skipped="0" asserts="17">
          <test-case id="1008" name="FailWithInformativeMessage_OnIncorrectAttributeUsage" fullname="Reflection.Randomness.Generator_should.FailWithInformativeMessage_OnIncorrectAttributeUsage" methodname="FailWithInformativeMessage_OnIncorrectAttributeUsage" classname="Reflection.Randomness.Generator_should" runstate="Runnable" seed="434558673" result="Passed" start-time="2018-12-02 16:31:49Z" end-time="2018-12-02 16:32:00Z" duration="11.387183" asserts="2" />
          <test-case id="1009" name="FailWithInformativeMessage_OnIncorrectForMethodCall" fullname="Reflection.Randomness.Generator_should.FailWithInformativeMessage_OnIncorrectForMethodCall" methodname="FailWithInformativeMessage_OnIncorrectForMethodCall" classname="Reflection.Randomness.Generator_should" runstate="Runnable" seed="1027394763" result="Passed" start-time="2018-12-02 16:32:00Z" end-time="2018-12-02 16:32:07Z" duration="6.909084" asserts="3" />
          <test-case id="1001" name="GenerateT1" fullname="Reflection.Randomness.Generator_should.GenerateT1" methodname="GenerateT1" classname="Reflection.Randomness.Generator_should" runstate="Runnable" seed="1775882406" result="Passed" start-time="2018-12-02 16:32:07Z" end-time="2018-12-02 16:32:09Z" duration="1.780644" asserts="1" />
          <test-case id="1002" name="GenerateT1TwiceGivesUniqueObjects" fullname="Reflection.Randomness.Generator_should.GenerateT1TwiceGivesUniqueObjects" methodname="GenerateT1TwiceGivesUniqueObjects" classname="Reflection.Randomness.Generator_should" runstate="Runnable" seed="88905856" result="Passed" start-time="2018-12-02 16:32:09Z" end-time="2018-12-02 16:32:11Z" duration="1.961257" asserts="1" />
          <test-case id="1003" name="GenerateT2" fullname="Reflection.Randomness.Generator_should.GenerateT2" methodname="GenerateT2" classname="Reflection.Randomness.Generator_should" runstate="Runnable" seed="460410226" result="Passed" start-time="2018-12-02 16:32:11Z" end-time="2018-12-02 16:32:12Z" duration="0.784216" asserts="4" />
          <test-case id="1004" name="NotAllowForAfterFor" fullname="Reflection.Randomness.Generator_should.NotAllowForAfterFor" methodname="NotAllowForAfterFor" classname="Reflection.Randomness.Generator_should" runstate="Runnable" seed="2026638788" result="Passed" start-time="2018-12-02 16:32:12Z" end-time="2018-12-02 16:32:13Z" duration="1.353440" asserts="1" />
          <test-case id="1005" name="ReplaceGeneratorFor1Field" fullname="Reflection.Randomness.Generator_should.ReplaceGeneratorFor1Field" methodname="ReplaceGeneratorFor1Field" classname="Reflection.Randomness.Generator_should" runstate="Runnable" seed="1626907060" result="Passed" start-time="2018-12-02 16:32:13Z" end-time="2018-12-02 16:32:17Z" duration="3.699726" asserts="2" />
          <test-case id="1006" name="ReplaceGeneratorFor2Fields" fullname="Reflection.Randomness.Generator_should.ReplaceGeneratorFor2Fields" methodname="ReplaceGeneratorFor2Fields" classname="Reflection.Randomness.Generator_should" runstate="Runnable" seed="2073602134" result="Passed" start-time="2018-12-02 16:32:17Z" end-time="2018-12-02 16:32:19Z" duration="2.337964" asserts="2" />
          <test-case id="1007" name="SetGeneratorForFieldWithoutAttributes" fullname="Reflection.Randomness.Generator_should.SetGeneratorForFieldWithoutAttributes" methodname="SetGeneratorForFieldWithoutAttributes" classname="Reflection.Randomness.Generator_should" runstate="Runnable" seed="650616717" result="Passed" start-time="2018-12-02 16:32:19Z" end-time="2018-12-02 16:32:21Z" duration="1.576068" asserts="1" />
        </test-suite>
      </test-suite>
    </test-suite>
  </test-suite>
</test-run>