<?xml version="1.0" encoding="utf-8"?>
<test-run id="2" name="SRP.ControlDigit.exe" fullname="C:/Users/max/Desktop/SHIT FROM ASS/SRP.ControlDigit/bin/Debug/SRP.ControlDigit.exe" testcasecount="3" result="Passed" start-time="2019-03-16 16:47:28Z" end-time="2019-03-16 16:47:28Z" duration="0.066821" total="3" passed="3" failed="0" inconclusive="0" skipped="0" asserts="52" random-seed="1411098488">
  <command-line><![CDATA["C:\Users\max\Desktop\SHIT FROM ASS\SRP.ControlDigit\bin\Debug\SRP.ControlDigit.exe" ]]></command-line>
  <filter />
  <test-suite type="Assembly" id="1004" name="SRP.ControlDigit.exe" fullname="C:/Users/max/Desktop/SHIT FROM ASS/SRP.ControlDigit/bin/Debug/SRP.ControlDigit.exe" runstate="Runnable" testcasecount="3" result="Passed" start-time="2019-03-16 16:47:28Z" end-time="2019-03-16 16:47:28Z" duration="0.066821" total="3" passed="3" failed="0" warnings="0" inconclusive="0" skipped="0" asserts="52">
    <environment framework-version="3.6.0.0" clr-version="4.0.30319.42000" os-version="Microsoft Windows NT 6.2.9200.0" platform="Win32NT" cwd="C:\Users\max\Desktop\SHIT FROM ASS\SRP.ControlDigit\bin\Debug" machine-name="MAX-LAPTOP" user="max" user-domain="MAX-LAPTOP" culture="en-US" uiculture="en-US" os-architecture="x86" />
    <settings>
      <setting name="WorkDirectory" value="C:\Users\max\Desktop\SHIT FROM ASS\SRP.ControlDigit\bin\Debug" />
      <setting name="NumberOfTestWorkers" value="8" />
    </settings>
    <properties>
      <property name="_PID" value="3144" />
      <property name="_APPDOMAIN" value="SRP.ControlDigit.exe" />
    </properties>
    <test-suite type="TestSuite" id="1005" name="SRP" fullname="SRP" runstate="Runnable" testcasecount="3" result="Passed" start-time="2019-03-16 16:47:28Z" end-time="2019-03-16 16:47:28Z" duration="0.052032" total="3" passed="3" failed="0" warnings="0" inconclusive="0" skipped="0" asserts="52">
      <test-suite type="TestSuite" id="1006" name="ControlDigit" fullname="SRP.ControlDigit" runstate="Runnable" testcasecount="3" result="Passed" start-time="2019-03-16 16:47:28Z" end-time="2019-03-16 16:47:28Z" duration="0.048739" total="3" passed="3" failed="0" warnings="0" inconclusive="0" skipped="0" asserts="52">
        <test-suite type="TestFixture" id="1000" name="ControlDigitAlgo_Tests" fullname="SRP.ControlDigit.ControlDigitAlgo_Tests" classname="SRP.ControlDigit.ControlDigitAlgo_Tests" runstate="Runnable" testcasecount="3" result="Passed" start-time="2019-03-16 16:47:28Z" end-time="2019-03-16 16:47:28Z" duration="0.043156" total="3" passed="3" failed="0" warnings="0" inconclusive="0" skipped="0" asserts="52">
          <test-case id="1002" name="TestIsbn10" fullname="SRP.ControlDigit.ControlDigitAlgo_Tests.TestIsbn10" methodname="TestIsbn10" classname="SRP.ControlDigit.ControlDigitAlgo_Tests" runstate="Runnable" seed="1760875490" result="Passed" start-time="2019-03-16 16:47:28Z" end-time="2019-03-16 16:47:28Z" duration="0.017788" asserts="8" />
          <test-case id="1003" name="TestIsbn13" fullname="SRP.ControlDigit.ControlDigitAlgo_Tests.TestIsbn13" methodname="TestIsbn13" classname="SRP.ControlDigit.ControlDigitAlgo_Tests" runstate="Runnable" seed="667311249" result="Passed" start-time="2019-03-16 16:47:28Z" end-time="2019-03-16 16:47:28Z" duration="0.003473" asserts="22" />
          <test-case id="1001" name="TestUpc" fullname="SRP.ControlDigit.ControlDigitAlgo_Tests.TestUpc" methodname="TestUpc" classname="SRP.ControlDigit.ControlDigitAlgo_Tests" runstate="Runnable" seed="683165775" result="Passed" start-time="2019-03-16 16:47:28Z" end-time="2019-03-16 16:47:28Z" duration="0.001453" asserts="22" />
        </test-suite>
      </test-suite>
    </test-suite>
  </test-suite>
</test-run>