<?xml version="1.0" encoding="utf-8"?>
<test-run id="2" name="Delegates.PairsAnalysis.exe" fullname="C:/Users/filepc/Desktop/ulearn/Delegates.PairsAnalysis.csproj/bin/Debug/Delegates.PairsAnalysis.exe" testcasecount="4" result="Passed" start-time="2018-11-25 06:21:01Z" end-time="2018-11-25 06:21:06Z" duration="5.030894" total="4" passed="4" failed="0" inconclusive="0" skipped="0" asserts="4" random-seed="1198225348">
  <command-line><![CDATA["C:\Users\filepc\Desktop\ulearn\Delegates.PairsAnalysis.csproj\bin\Debug\Delegates.PairsAnalysis.exe" ]]></command-line>
  <filter />
  <test-suite type="Assembly" id="1005" name="Delegates.PairsAnalysis.exe" fullname="C:/Users/filepc/Desktop/ulearn/Delegates.PairsAnalysis.csproj/bin/Debug/Delegates.PairsAnalysis.exe" runstate="Runnable" testcasecount="4" result="Passed" start-time="2018-11-25 06:21:01Z" end-time="2018-11-25 06:21:06Z" duration="5.030894" total="4" passed="4" failed="0" warnings="0" inconclusive="0" skipped="0" asserts="4">
    <environment framework-version="3.6.0.0" clr-version="4.0.30319.42000" os-version="Microsoft Windows NT 6.2.9200.0" platform="Win32NT" cwd="C:\Users\filepc\Desktop\ulearn\Delegates.PairsAnalysis.csproj\bin\Debug" machine-name="MAX-PC" user="filepc" user-domain="MAX-PC" culture="ru-RU" uiculture="ru-RU" os-architecture="x86" />
    <settings>
      <setting name="WorkDirectory" value="C:\Users\filepc\Desktop\ulearn\Delegates.PairsAnalysis.csproj\bin\Debug" />
      <setting name="NumberOfTestWorkers" value="8" />
    </settings>
    <properties>
      <property name="_PID" value="3732" />
      <property name="_APPDOMAIN" value="Delegates.PairsAnalysis.exe" />
    </properties>
    <test-suite type="TestSuite" id="1006" name="Delegates" fullname="Delegates" runstate="Runnable" testcasecount="4" result="Passed" start-time="2018-11-25 06:21:01Z" end-time="2018-11-25 06:21:06Z" duration="5.021331" total="4" passed="4" failed="0" warnings="0" inconclusive="0" skipped="0" asserts="4">
      <test-suite type="TestSuite" id="1007" name="PairsAnalysis" fullname="Delegates.PairsAnalysis" runstate="Runnable" testcasecount="4" result="Passed" start-time="2018-11-25 06:21:01Z" end-time="2018-11-25 06:21:06Z" duration="5.018774" total="4" passed="4" failed="0" warnings="0" inconclusive="0" skipped="0" asserts="4">
        <test-suite type="TestFixture" id="1000" name="Analysis_should" fullname="Delegates.PairsAnalysis.Analysis_should" classname="Delegates.PairsAnalysis.Analysis_should" runstate="Runnable" testcasecount="4" result="Passed" start-time="2018-11-25 06:21:01Z" end-time="2018-11-25 06:21:06Z" duration="5.012584" total="4" passed="4" failed="0" warnings="0" inconclusive="0" skipped="0" asserts="4">
          <test-case id="1001" name="ProcessDatesCorrectly" fullname="Delegates.PairsAnalysis.Analysis_should.ProcessDatesCorrectly" methodname="ProcessDatesCorrectly" classname="Delegates.PairsAnalysis.Analysis_should" runstate="Runnable" seed="530195549" result="Passed" start-time="2018-11-25 06:21:01Z" end-time="2018-11-25 06:21:01Z" duration="0.010925" asserts="1" />
          <test-case id="1004" name="ProcessDoublesCorrectly" fullname="Delegates.PairsAnalysis.Analysis_should.ProcessDoublesCorrectly" methodname="ProcessDoublesCorrectly" classname="Delegates.PairsAnalysis.Analysis_should" runstate="Runnable" seed="1188553226" result="Passed" start-time="2018-11-25 06:21:01Z" end-time="2018-11-25 06:21:01Z" duration="0.002493" asserts="1" />
          <test-case id="1002" name="ThrowsAtEmptyCollection" fullname="Delegates.PairsAnalysis.Analysis_should.ThrowsAtEmptyCollection" methodname="ThrowsAtEmptyCollection" classname="Delegates.PairsAnalysis.Analysis_should" runstate="Runnable" seed="1463183848" result="Passed" start-time="2018-11-25 06:21:01Z" end-time="2018-11-25 06:21:03Z" duration="2.640335" asserts="1" />
          <test-case id="1003" name="ThrowsAtOneElementCollection" fullname="Delegates.PairsAnalysis.Analysis_should.ThrowsAtOneElementCollection" methodname="ThrowsAtOneElementCollection" classname="Delegates.PairsAnalysis.Analysis_should" runstate="Runnable" seed="251163097" result="Passed" start-time="2018-11-25 06:21:03Z" end-time="2018-11-25 06:21:06Z" duration="2.339748" asserts="1" />
        </test-suite>
      </test-suite>
    </test-suite>
  </test-suite>
</test-run>