<?xml version="1.0" encoding="utf-8"?>
<test-run id="2" name="Streams.Compression.exe" fullname="C:/Users/filepc/Desktop/ulearn/Streams.Compression.csproj/bin/Debug/Streams.Compression.exe" testcasecount="1" result="Passed" start-time="2018-12-09 12:21:50Z" end-time="2018-12-09 12:21:50Z" duration="0.053428" total="1" passed="1" failed="0" inconclusive="0" skipped="0" asserts="20" random-seed="650979498">
  <command-line><![CDATA["C:\Users\filepc\Desktop\ulearn\Streams.Compression.csproj\bin\Debug\Streams.Compression.exe" ]]></command-line>
  <filter />
  <test-suite type="Assembly" id="1002" name="Streams.Compression.exe" fullname="C:/Users/filepc/Desktop/ulearn/Streams.Compression.csproj/bin/Debug/Streams.Compression.exe" runstate="Runnable" testcasecount="1" result="Passed" start-time="2018-12-09 12:21:50Z" end-time="2018-12-09 12:21:50Z" duration="0.053428" total="1" passed="1" failed="0" warnings="0" inconclusive="0" skipped="0" asserts="20">
    <environment framework-version="3.6.0.0" clr-version="4.0.30319.42000" os-version="Microsoft Windows NT 6.2.9200.0" platform="Win32NT" cwd="C:\Users\filepc\Desktop\ulearn\Streams.Compression.csproj\bin\Debug" machine-name="MAX-PC" user="filepc" user-domain="MAX-PC" culture="ru-RU" uiculture="ru-RU" os-architecture="x86" />
    <settings>
      <setting name="WorkDirectory" value="C:\Users\filepc\Desktop\ulearn\Streams.Compression.csproj\bin\Debug" />
      <setting name="NumberOfTestWorkers" value="8" />
    </settings>
    <properties>
      <property name="_PID" value="6452" />
      <property name="_APPDOMAIN" value="Streams.Compression.exe" />
    </properties>
    <test-suite type="TestSuite" id="1003" name="Streams" fullname="Streams" runstate="Runnable" testcasecount="1" result="Passed" start-time="2018-12-09 12:21:50Z" end-time="2018-12-09 12:21:50Z" duration="0.042552" total="1" passed="1" failed="0" warnings="0" inconclusive="0" skipped="0" asserts="20">
      <test-suite type="TestSuite" id="1004" name="Compression" fullname="Streams.Compression" runstate="Runnable" testcasecount="1" result="Passed" start-time="2018-12-09 12:21:50Z" end-time="2018-12-09 12:21:50Z" duration="0.039891" total="1" passed="1" failed="0" warnings="0" inconclusive="0" skipped="0" asserts="20">
        <test-suite type="TestFixture" id="1000" name="CustomCompressionStream_should" fullname="Streams.Compression.CustomCompressionStream_should" classname="Streams.Compression.CustomCompressionStream_should" runstate="Runnable" testcasecount="1" result="Passed" start-time="2018-12-09 12:21:50Z" end-time="2018-12-09 12:21:50Z" duration="0.034547" total="1" passed="1" failed="0" warnings="0" inconclusive="0" skipped="0" asserts="20">
          <test-case id="1001" name="WorkCorrectly" fullname="Streams.Compression.CustomCompressionStream_should.WorkCorrectly" methodname="WorkCorrectly" classname="Streams.Compression.CustomCompressionStream_should" runstate="Runnable" seed="1073586012" result="Passed" start-time="2018-12-09 12:21:50Z" end-time="2018-12-09 12:21:50Z" duration="0.025087" asserts="20" />
        </test-suite>
      </test-suite>
    </test-suite>
  </test-suite>
</test-run>