<?xml version="1.0" encoding="utf-8"?>
<test-run id="2" name="Incapsulation.RationalNumbers.exe" fullname="C:/Users/filepc/Desktop/ulearn/Incapsulation.RationalNumbers.csproj/bin/Debug/Incapsulation.RationalNumbers.exe" testcasecount="20" result="Passed" start-time="2018-11-08 12:58:33Z" end-time="2018-11-08 12:58:37Z" duration="3.888591" total="20" passed="20" failed="0" inconclusive="0" skipped="0" asserts="46" random-seed="112492365">
  <command-line><![CDATA["C:\Users\filepc\Desktop\ulearn\Incapsulation.RationalNumbers.csproj\bin\Debug\Incapsulation.RationalNumbers.exe" ]]></command-line>
  <filter />
  <test-suite type="Assembly" id="1021" name="Incapsulation.RationalNumbers.exe" fullname="C:/Users/filepc/Desktop/ulearn/Incapsulation.RationalNumbers.csproj/bin/Debug/Incapsulation.RationalNumbers.exe" runstate="Runnable" testcasecount="20" result="Passed" start-time="2018-11-08 12:58:33Z" end-time="2018-11-08 12:58:37Z" duration="3.888591" total="20" passed="20" failed="0" warnings="0" inconclusive="0" skipped="0" asserts="46">
    <environment framework-version="3.6.0.0" clr-version="4.0.30319.42000" os-version="Microsoft Windows NT 6.2.9200.0" platform="Win32NT" cwd="C:\Users\filepc\Desktop\ulearn\Incapsulation.RationalNumbers.csproj\bin\Debug" machine-name="MAX-PC" user="filepc" user-domain="MAX-PC" culture="ru-RU" uiculture="ru-RU" os-architecture="x86" />
    <settings>
      <setting name="WorkDirectory" value="C:\Users\filepc\Desktop\ulearn\Incapsulation.RationalNumbers.csproj\bin\Debug" />
      <setting name="NumberOfTestWorkers" value="8" />
    </settings>
    <properties>
      <property name="_PID" value="5948" />
      <property name="_APPDOMAIN" value="Incapsulation.RationalNumbers.exe" />
    </properties>
    <test-suite type="TestSuite" id="1022" name="Incapsulation" fullname="Incapsulation" runstate="Runnable" testcasecount="20" result="Passed" start-time="2018-11-08 12:58:33Z" end-time="2018-11-08 12:58:37Z" duration="3.876222" total="20" passed="20" failed="0" warnings="0" inconclusive="0" skipped="0" asserts="46">
      <test-suite type="TestSuite" id="1023" name="RationalNumbers" fullname="Incapsulation.RationalNumbers" runstate="Runnable" testcasecount="20" result="Passed" start-time="2018-11-08 12:58:33Z" end-time="2018-11-08 12:58:37Z" duration="3.873455" total="20" passed="20" failed="0" warnings="0" inconclusive="0" skipped="0" asserts="46">
        <test-suite type="TestFixture" id="1000" name="Rational_should" fullname="Incapsulation.RationalNumbers.Rational_should" classname="Incapsulation.RationalNumbers.Rational_should" runstate="Runnable" testcasecount="20" result="Passed" start-time="2018-11-08 12:58:33Z" end-time="2018-11-08 12:58:37Z" duration="3.867949" total="20" passed="20" failed="0" warnings="0" inconclusive="0" skipped="0" asserts="46">
          <test-case id="1018" name="ConvertFromInt" fullname="Incapsulation.RationalNumbers.Rational_should.ConvertFromInt" methodname="ConvertFromInt" classname="Incapsulation.RationalNumbers.Rational_should" runstate="Runnable" seed="1772794721" result="Passed" start-time="2018-11-08 12:58:33Z" end-time="2018-11-08 12:58:33Z" duration="0.030258" asserts="3" />
          <test-case id="1017" name="ConvertToDouble" fullname="Incapsulation.RationalNumbers.Rational_should.ConvertToDouble" methodname="ConvertToDouble" classname="Incapsulation.RationalNumbers.Rational_should" runstate="Runnable" seed="1272846306" result="Passed" start-time="2018-11-08 12:58:33Z" end-time="2018-11-08 12:58:33Z" duration="0.002158" asserts="1" />
          <test-case id="1014" name="Divide" fullname="Incapsulation.RationalNumbers.Rational_should.Divide" methodname="Divide" classname="Incapsulation.RationalNumbers.Rational_should" runstate="Runnable" seed="1118353573" result="Passed" start-time="2018-11-08 12:58:33Z" end-time="2018-11-08 12:58:33Z" duration="0.000374" asserts="3" />
          <test-case id="1016" name="DivideToZero" fullname="Incapsulation.RationalNumbers.Rational_should.DivideToZero" methodname="DivideToZero" classname="Incapsulation.RationalNumbers.Rational_should" runstate="Runnable" seed="1039921672" result="Passed" start-time="2018-11-08 12:58:33Z" end-time="2018-11-08 12:58:33Z" duration="0.000767" asserts="1" />
          <test-case id="1015" name="DivideWithNan" fullname="Incapsulation.RationalNumbers.Rational_should.DivideWithNan" methodname="DivideWithNan" classname="Incapsulation.RationalNumbers.Rational_should" runstate="Runnable" seed="1092880608" result="Passed" start-time="2018-11-08 12:58:33Z" end-time="2018-11-08 12:58:33Z" duration="0.000179" asserts="2" />
          <test-case id="1019" name="ExplicitlyConvertToInt" fullname="Incapsulation.RationalNumbers.Rational_should.ExplicitlyConvertToInt" methodname="ExplicitlyConvertToInt" classname="Incapsulation.RationalNumbers.Rational_should" runstate="Runnable" seed="1542039809" result="Passed" start-time="2018-11-08 12:58:33Z" end-time="2018-11-08 12:58:33Z" duration="0.000260" asserts="1" />
          <test-case id="1020" name="ExplicitlyConvertToIntAndFailsIfNonCorvertable" fullname="Incapsulation.RationalNumbers.Rational_should.ExplicitlyConvertToIntAndFailsIfNonCorvertable" methodname="ExplicitlyConvertToIntAndFailsIfNonCorvertable" classname="Incapsulation.RationalNumbers.Rational_should" runstate="Runnable" seed="671763396" result="Passed" start-time="2018-11-08 12:58:33Z" end-time="2018-11-08 12:58:37Z" duration="3.768826" asserts="1" />
          <test-case id="1004" name="InitializeAndReduce1" fullname="Incapsulation.RationalNumbers.Rational_should.InitializeAndReduce1" methodname="InitializeAndReduce1" classname="Incapsulation.RationalNumbers.Rational_should" runstate="Runnable" seed="1641517954" result="Passed" start-time="2018-11-08 12:58:37Z" end-time="2018-11-08 12:58:37Z" duration="0.000236" asserts="3" />
          <test-case id="1005" name="InitializeAndReduce2" fullname="Incapsulation.RationalNumbers.Rational_should.InitializeAndReduce2" methodname="InitializeAndReduce2" classname="Incapsulation.RationalNumbers.Rational_should" runstate="Runnable" seed="629454378" result="Passed" start-time="2018-11-08 12:58:37Z" end-time="2018-11-08 12:58:37Z" duration="0.000130" asserts="3" />
          <test-case id="1006" name="InitializeAndReduce3" fullname="Incapsulation.RationalNumbers.Rational_should.InitializeAndReduce3" methodname="InitializeAndReduce3" classname="Incapsulation.RationalNumbers.Rational_should" runstate="Runnable" seed="997322366" result="Passed" start-time="2018-11-08 12:58:37Z" end-time="2018-11-08 12:58:37Z" duration="0.000119" asserts="3" />
          <test-case id="1007" name="InitializeAndReduce4" fullname="Incapsulation.RationalNumbers.Rational_should.InitializeAndReduce4" methodname="InitializeAndReduce4" classname="Incapsulation.RationalNumbers.Rational_should" runstate="Runnable" seed="1012433875" result="Passed" start-time="2018-11-08 12:58:37Z" end-time="2018-11-08 12:58:37Z" duration="0.000141" asserts="3" />
          <test-case id="1001" name="InitializeSimpleRatioCorrectly" fullname="Incapsulation.RationalNumbers.Rational_should.InitializeSimpleRatioCorrectly" methodname="InitializeSimpleRatioCorrectly" classname="Incapsulation.RationalNumbers.Rational_should" runstate="Runnable" seed="726603451" result="Passed" start-time="2018-11-08 12:58:37Z" end-time="2018-11-08 12:58:37Z" duration="0.000118" asserts="3" />
          <test-case id="1003" name="InitializeWithZeroDenomerator" fullname="Incapsulation.RationalNumbers.Rational_should.InitializeWithZeroDenomerator" methodname="InitializeWithZeroDenomerator" classname="Incapsulation.RationalNumbers.Rational_should" runstate="Runnable" seed="1782159014" result="Passed" start-time="2018-11-08 12:58:37Z" end-time="2018-11-08 12:58:37Z" duration="0.000119" asserts="1" />
          <test-case id="1002" name="InitializeWitoutDenomerator" fullname="Incapsulation.RationalNumbers.Rational_should.InitializeWitoutDenomerator" methodname="InitializeWitoutDenomerator" classname="Incapsulation.RationalNumbers.Rational_should" runstate="Runnable" seed="423567725" result="Passed" start-time="2018-11-08 12:58:37Z" end-time="2018-11-08 12:58:37Z" duration="0.000125" asserts="3" />
          <test-case id="1012" name="Multiply" fullname="Incapsulation.RationalNumbers.Rational_should.Multiply" methodname="Multiply" classname="Incapsulation.RationalNumbers.Rational_should" runstate="Runnable" seed="762991474" result="Passed" start-time="2018-11-08 12:58:37Z" end-time="2018-11-08 12:58:37Z" duration="0.000283" asserts="3" />
          <test-case id="1013" name="MultiplyWithNan" fullname="Incapsulation.RationalNumbers.Rational_should.MultiplyWithNan" methodname="MultiplyWithNan" classname="Incapsulation.RationalNumbers.Rational_should" runstate="Runnable" seed="502533364" result="Passed" start-time="2018-11-08 12:58:37Z" end-time="2018-11-08 12:58:37Z" duration="0.000166" asserts="2" />
          <test-case id="1010" name="Subtract" fullname="Incapsulation.RationalNumbers.Rational_should.Subtract" methodname="Subtract" classname="Incapsulation.RationalNumbers.Rational_should" runstate="Runnable" seed="91044247" result="Passed" start-time="2018-11-08 12:58:37Z" end-time="2018-11-08 12:58:37Z" duration="0.000241" asserts="3" />
          <test-case id="1011" name="SubtractWithNan" fullname="Incapsulation.RationalNumbers.Rational_should.SubtractWithNan" methodname="SubtractWithNan" classname="Incapsulation.RationalNumbers.Rational_should" runstate="Runnable" seed="1039135082" result="Passed" start-time="2018-11-08 12:58:37Z" end-time="2018-11-08 12:58:37Z" duration="0.000206" asserts="2" />
          <test-case id="1008" name="Sum" fullname="Incapsulation.RationalNumbers.Rational_should.Sum" methodname="Sum" classname="Incapsulation.RationalNumbers.Rational_should" runstate="Runnable" seed="1277642871" result="Passed" start-time="2018-11-08 12:58:37Z" end-time="2018-11-08 12:58:37Z" duration="0.000255" asserts="3" />
          <test-case id="1009" name="SumWithNan" fullname="Incapsulation.RationalNumbers.Rational_should.SumWithNan" methodname="SumWithNan" classname="Incapsulation.RationalNumbers.Rational_should" runstate="Runnable" seed="120962321" result="Passed" start-time="2018-11-08 12:58:37Z" end-time="2018-11-08 12:58:37Z" duration="0.000161" asserts="2" />
        </test-suite>
      </test-suite>
    </test-suite>
  </test-suite>
</test-run>