<?xml version="1.0" encoding="utf-8"?>
<test-run id="2" name="Generics.Table.exe" fullname="C:/Users/filepc/Desktop/ulearn/Generics.Tables.csproj/bin/Debug/Generics.Table.exe" testcasecount="13" result="Passed" start-time="2018-11-17 14:44:34Z" end-time="2018-11-17 14:44:40Z" duration="6.654085" total="13" passed="13" failed="0" inconclusive="0" skipped="0" asserts="23" random-seed="261420685">
  <command-line><![CDATA["C:\Users\filepc\Desktop\ulearn\Generics.Tables.csproj\bin\Debug\Generics.Table.exe" ]]></command-line>
  <filter />
  <test-suite type="Assembly" id="1016" name="Generics.Table.exe" fullname="C:/Users/filepc/Desktop/ulearn/Generics.Tables.csproj/bin/Debug/Generics.Table.exe" runstate="Runnable" testcasecount="13" result="Passed" start-time="2018-11-17 14:44:34Z" end-time="2018-11-17 14:44:40Z" duration="6.654085" total="13" passed="13" failed="0" warnings="0" inconclusive="0" skipped="0" asserts="23">
    <environment framework-version="3.6.0.0" clr-version="4.0.30319.42000" os-version="Microsoft Windows NT 6.2.9200.0" platform="Win32NT" cwd="C:\Users\filepc\Desktop\ulearn\Generics.Tables.csproj\bin\Debug" machine-name="MAX-PC" user="filepc" user-domain="MAX-PC" culture="ru-RU" uiculture="ru-RU" os-architecture="x86" />
    <settings>
      <setting name="WorkDirectory" value="C:\Users\filepc\Desktop\ulearn\Generics.Tables.csproj\bin\Debug" />
      <setting name="NumberOfTestWorkers" value="8" />
    </settings>
    <properties>
      <property name="_PID" value="6312" />
      <property name="_APPDOMAIN" value="Generics.Table.exe" />
    </properties>
    <test-suite type="TestSuite" id="1017" name="Generics" fullname="Generics" runstate="Runnable" testcasecount="13" result="Passed" start-time="2018-11-17 14:44:34Z" end-time="2018-11-17 14:44:40Z" duration="6.644702" total="13" passed="13" failed="0" warnings="0" inconclusive="0" skipped="0" asserts="23">
      <test-suite type="TestSuite" id="1018" name="Tables" fullname="Generics.Tables" runstate="Runnable" testcasecount="13" result="Passed" start-time="2018-11-17 14:44:34Z" end-time="2018-11-17 14:44:40Z" duration="6.641671" total="13" passed="13" failed="0" warnings="0" inconclusive="0" skipped="0" asserts="23">
        <test-suite type="TestFixture" id="1013" name="BothIndices_should" fullname="Generics.Tables.BothIndices_should" classname="Generics.Tables.BothIndices_should" runstate="Runnable" testcasecount="2" result="Passed" start-time="2018-11-17 14:44:34Z" end-time="2018-11-17 14:44:34Z" duration="0.031708" total="2" passed="2" failed="0" warnings="0" inconclusive="0" skipped="0" asserts="2">
          <test-case id="1014" name="WorkTogether1" fullname="Generics.Tables.BothIndices_should.WorkTogether1" methodname="WorkTogether1" classname="Generics.Tables.BothIndices_should" runstate="Runnable" seed="1696499824" result="Passed" start-time="2018-11-17 14:44:34Z" end-time="2018-11-17 14:44:34Z" duration="0.018724" asserts="1" />
          <test-case id="1015" name="WorkTogether2" fullname="Generics.Tables.BothIndices_should.WorkTogether2" methodname="WorkTogether2" classname="Generics.Tables.BothIndices_should" runstate="Runnable" seed="430358741" result="Passed" start-time="2018-11-17 14:44:34Z" end-time="2018-11-17 14:44:34Z" duration="0.000449" asserts="1" />
        </test-suite>
        <test-suite type="TestFixture" id="1006" name="ExistedIndex_should" fullname="Generics.Tables.ExistedIndex_should" classname="Generics.Tables.ExistedIndex_should" runstate="Runnable" testcasecount="6" result="Passed" start-time="2018-11-17 14:44:34Z" end-time="2018-11-17 14:44:37Z" duration="3.129202" total="6" passed="6" failed="0" warnings="0" inconclusive="0" skipped="0" asserts="6">
          <test-case id="1008" name="FailIfGettingFromNonExistingColumn" fullname="Generics.Tables.ExistedIndex_should.FailIfGettingFromNonExistingColumn" methodname="FailIfGettingFromNonExistingColumn" classname="Generics.Tables.ExistedIndex_should" runstate="Runnable" seed="479079703" result="Passed" start-time="2018-11-17 14:44:34Z" end-time="2018-11-17 14:44:35Z" duration="1.701320" asserts="1" />
          <test-case id="1007" name="FailIfGettingFromNonExistingRow" fullname="Generics.Tables.ExistedIndex_should.FailIfGettingFromNonExistingRow" methodname="FailIfGettingFromNonExistingRow" classname="Generics.Tables.ExistedIndex_should" runstate="Runnable" seed="130199104" result="Passed" start-time="2018-11-17 14:44:35Z" end-time="2018-11-17 14:44:36Z" duration="0.327520" asserts="1" />
          <test-case id="1010" name="FailIfSettingToNonExistingColumn" fullname="Generics.Tables.ExistedIndex_should.FailIfSettingToNonExistingColumn" methodname="FailIfSettingToNonExistingColumn" classname="Generics.Tables.ExistedIndex_should" runstate="Runnable" seed="2061581637" result="Passed" start-time="2018-11-17 14:44:36Z" end-time="2018-11-17 14:44:36Z" duration="0.327194" asserts="1" />
          <test-case id="1009" name="FailIfSettingToNonExistingRow" fullname="Generics.Tables.ExistedIndex_should.FailIfSettingToNonExistingRow" methodname="FailIfSettingToNonExistingRow" classname="Generics.Tables.ExistedIndex_should" runstate="Runnable" seed="449673005" result="Passed" start-time="2018-11-17 14:44:36Z" end-time="2018-11-17 14:44:36Z" duration="0.327060" asserts="1" />
          <test-case id="1012" name="GetDefaultIfNoValueSet" fullname="Generics.Tables.ExistedIndex_should.GetDefaultIfNoValueSet" methodname="GetDefaultIfNoValueSet" classname="Generics.Tables.ExistedIndex_should" runstate="Runnable" seed="88261177" result="Passed" start-time="2018-11-17 14:44:36Z" end-time="2018-11-17 14:44:37Z" duration="0.200265" asserts="1" />
          <test-case id="1011" name="SetToExistedRowAndColumn" fullname="Generics.Tables.ExistedIndex_should.SetToExistedRowAndColumn" methodname="SetToExistedRowAndColumn" classname="Generics.Tables.ExistedIndex_should" runstate="Runnable" seed="445941844" result="Passed" start-time="2018-11-17 14:44:37Z" end-time="2018-11-17 14:44:37Z" duration="0.228548" asserts="1" />
        </test-suite>
        <test-suite type="TestFixture" id="1000" name="OpenIndex_should" fullname="Generics.Tables.OpenIndex_should" classname="Generics.Tables.OpenIndex_should" runstate="Runnable" testcasecount="5" result="Passed" start-time="2018-11-17 14:44:37Z" end-time="2018-11-17 14:44:40Z" duration="3.470477" total="5" passed="5" failed="0" warnings="0" inconclusive="0" skipped="0" asserts="15">
          <test-case id="1001" name="AddColumnsAndRows" fullname="Generics.Tables.OpenIndex_should.AddColumnsAndRows" methodname="AddColumnsAndRows" classname="Generics.Tables.OpenIndex_should" runstate="Runnable" seed="1866579632" result="Passed" start-time="2018-11-17 14:44:37Z" end-time="2018-11-17 14:44:37Z" duration="0.219325" asserts="3" />
          <test-case id="1002" name="DontAddExistedColumnsAndRows1" fullname="Generics.Tables.OpenIndex_should.DontAddExistedColumnsAndRows1" methodname="DontAddExistedColumnsAndRows1" classname="Generics.Tables.OpenIndex_should" runstate="Runnable" seed="157643432" result="Passed" start-time="2018-11-17 14:44:37Z" end-time="2018-11-17 14:44:37Z" duration="0.296173" asserts="3" />
          <test-case id="1003" name="DontAddExistedColumnsAndRows2" fullname="Generics.Tables.OpenIndex_should.DontAddExistedColumnsAndRows2" methodname="DontAddExistedColumnsAndRows2" classname="Generics.Tables.OpenIndex_should" runstate="Runnable" seed="1632963188" result="Passed" start-time="2018-11-17 14:44:37Z" end-time="2018-11-17 14:44:38Z" duration="0.291277" asserts="3" />
          <test-case id="1004" name="ReturnDefaultIfNoValueSet1" fullname="Generics.Tables.OpenIndex_should.ReturnDefaultIfNoValueSet1" methodname="ReturnDefaultIfNoValueSet1" classname="Generics.Tables.OpenIndex_should" runstate="Runnable" seed="356243558" result="Passed" start-time="2018-11-17 14:44:38Z" end-time="2018-11-17 14:44:39Z" duration="1.045917" asserts="3" />
          <test-case id="1005" name="ReturnDefaultIfNoValueSet2" fullname="Generics.Tables.OpenIndex_should.ReturnDefaultIfNoValueSet2" methodname="ReturnDefaultIfNoValueSet2" classname="Generics.Tables.OpenIndex_should" runstate="Runnable" seed="1906355377" result="Passed" start-time="2018-11-17 14:44:39Z" end-time="2018-11-17 14:44:40Z" duration="1.598410" asserts="3" />
        </test-suite>
      </test-suite>
    </test-suite>
  </test-suite>
</test-run>