<?xml version="1.0" encoding="utf-8"?>
<test-run id="2" name="Delegates.Reports.exe" fullname="C:/Users/filepc/Desktop/ulearn/Delegates.Reports.csproj/bin/Debug/Delegates.Reports.exe" testcasecount="4" result="Passed" start-time="2018-11-24 17:08:55Z" end-time="2018-11-24 17:08:55Z" duration="0.191919" total="4" passed="4" failed="0" inconclusive="0" skipped="0" asserts="4" random-seed="626578809">
  <command-line><![CDATA["C:\Users\filepc\Desktop\ulearn\Delegates.Reports.csproj\bin\Debug\Delegates.Reports.exe" ]]></command-line>
  <filter />
  <test-suite type="Assembly" id="1005" name="Delegates.Reports.exe" fullname="C:/Users/filepc/Desktop/ulearn/Delegates.Reports.csproj/bin/Debug/Delegates.Reports.exe" runstate="Runnable" testcasecount="4" result="Passed" start-time="2018-11-24 17:08:55Z" end-time="2018-11-24 17:08:55Z" duration="0.191919" total="4" passed="4" failed="0" warnings="0" inconclusive="0" skipped="0" asserts="4">
    <environment framework-version="3.6.0.0" clr-version="4.0.30319.42000" os-version="Microsoft Windows NT 6.2.9200.0" platform="Win32NT" cwd="C:\Users\filepc\Desktop\ulearn\Delegates.Reports.csproj\bin\Debug" machine-name="MAX-PC" user="filepc" user-domain="MAX-PC" culture="ru-RU" uiculture="ru-RU" os-architecture="x86" />
    <settings>
      <setting name="WorkDirectory" value="C:\Users\filepc\Desktop\ulearn\Delegates.Reports.csproj\bin\Debug" />
      <setting name="NumberOfTestWorkers" value="8" />
    </settings>
    <properties>
      <property name="_PID" value="5488" />
      <property name="_APPDOMAIN" value="Delegates.Reports.exe" />
    </properties>
    <test-suite type="TestSuite" id="1006" name="Delegates" fullname="Delegates" runstate="Runnable" testcasecount="4" result="Passed" start-time="2018-11-24 17:08:55Z" end-time="2018-11-24 17:08:55Z" duration="0.175117" total="4" passed="4" failed="0" warnings="0" inconclusive="0" skipped="0" asserts="4">
      <test-suite type="TestSuite" id="1007" name="Reports" fullname="Delegates.Reports" runstate="Runnable" testcasecount="4" result="Passed" start-time="2018-11-24 17:08:55Z" end-time="2018-11-24 17:08:55Z" duration="0.158275" total="4" passed="4" failed="0" warnings="0" inconclusive="0" skipped="0" asserts="4">
        <test-suite type="TestFixture" id="1000" name="ReportMaker_should" fullname="Delegates.Reports.ReportMaker_should" classname="Delegates.Reports.ReportMaker_should" runstate="Runnable" testcasecount="4" result="Passed" start-time="2018-11-24 17:08:55Z" end-time="2018-11-24 17:08:55Z" duration="0.140711" total="4" passed="4" failed="0" warnings="0" inconclusive="0" skipped="0" asserts="4">
          <test-case id="1001" name="MeanAndStdHtml" fullname="Delegates.Reports.ReportMaker_should.MeanAndStdHtml" methodname="MeanAndStdHtml" classname="Delegates.Reports.ReportMaker_should" runstate="Runnable" seed="448491061" result="Passed" start-time="2018-11-24 17:08:55Z" end-time="2018-11-24 17:08:55Z" duration="0.018306" asserts="1" />
          <test-case id="1003" name="MeanAndStdMarkdown" fullname="Delegates.Reports.ReportMaker_should.MeanAndStdMarkdown" methodname="MeanAndStdMarkdown" classname="Delegates.Reports.ReportMaker_should" runstate="Runnable" seed="119547836" result="Passed" start-time="2018-11-24 17:08:55Z" end-time="2018-11-24 17:08:55Z" duration="0.001353" asserts="1">
            <properties>
              <property name="Description" value="Новый тест, который нужно сделать рабочим после рефакторинга" />
            </properties>
          </test-case>
          <test-case id="1004" name="MedianHtml" fullname="Delegates.Reports.ReportMaker_should.MedianHtml" methodname="MedianHtml" classname="Delegates.Reports.ReportMaker_should" runstate="Runnable" seed="264067423" result="Passed" start-time="2018-11-24 17:08:55Z" end-time="2018-11-24 17:08:55Z" duration="0.004905" asserts="1">
            <properties>
              <property name="Description" value="Новый тест, который нужно сделать рабочим после рефакторинга" />
            </properties>
          </test-case>
          <test-case id="1002" name="MedianMarkdown" fullname="Delegates.Reports.ReportMaker_should.MedianMarkdown" methodname="MedianMarkdown" classname="Delegates.Reports.ReportMaker_should" runstate="Runnable" seed="681462154" result="Passed" start-time="2018-11-24 17:08:55Z" end-time="2018-11-24 17:08:55Z" duration="0.001156" asserts="1" />
        </test-suite>
      </test-suite>
    </test-suite>
  </test-suite>
</test-run>