<?xml version="1.0" encoding="utf-8"?>
<test-run id="2" name="Reflection.Differentiation.exe" fullname="C:/Users/filepc/Desktop/ulearn/Reflection.Differentiation.csproj/bin/Debug/Reflection.Differentiation.exe" testcasecount="10" result="Passed" start-time="2018-12-02 13:40:04Z" end-time="2018-12-02 13:40:04Z" duration="0.071980" total="10" passed="10" failed="0" inconclusive="0" skipped="0" asserts="510" random-seed="1089895770">
  <command-line><![CDATA["C:\Users\filepc\Desktop\ulearn\Reflection.Differentiation.csproj\bin\Debug\Reflection.Differentiation.exe" ]]></command-line>
  <filter />
  <test-suite type="Assembly" id="1011" name="Reflection.Differentiation.exe" fullname="C:/Users/filepc/Desktop/ulearn/Reflection.Differentiation.csproj/bin/Debug/Reflection.Differentiation.exe" runstate="Runnable" testcasecount="10" result="Passed" start-time="2018-12-02 13:40:04Z" end-time="2018-12-02 13:40:04Z" duration="0.071980" total="10" passed="10" failed="0" warnings="0" inconclusive="0" skipped="0" asserts="510">
    <environment framework-version="3.6.0.0" clr-version="4.0.30319.42000" os-version="Microsoft Windows NT 6.2.9200.0" platform="Win32NT" cwd="C:\Users\filepc\Desktop\ulearn\Reflection.Differentiation.csproj\bin\Debug" machine-name="MAX-PC" user="filepc" user-domain="MAX-PC" culture="ru-RU" uiculture="ru-RU" os-architecture="x86" />
    <settings>
      <setting name="WorkDirectory" value="C:\Users\filepc\Desktop\ulearn\Reflection.Differentiation.csproj\bin\Debug" />
      <setting name="NumberOfTestWorkers" value="8" />
    </settings>
    <properties>
      <property name="_PID" value="11484" />
      <property name="_APPDOMAIN" value="Reflection.Differentiation.exe" />
    </properties>
    <test-suite type="TestSuite" id="1012" name="Reflection" fullname="Reflection" runstate="Runnable" testcasecount="10" result="Passed" start-time="2018-12-02 13:40:04Z" end-time="2018-12-02 13:40:04Z" duration="0.062558" total="10" passed="10" failed="0" warnings="0" inconclusive="0" skipped="0" asserts="510">
      <test-suite type="TestSuite" id="1013" name="Differentiation" fullname="Reflection.Differentiation" runstate="Runnable" testcasecount="10" result="Passed" start-time="2018-12-02 13:40:04Z" end-time="2018-12-02 13:40:04Z" duration="0.059947" total="10" passed="10" failed="0" warnings="0" inconclusive="0" skipped="0" asserts="510">
        <test-suite type="TestFixture" id="1000" name="Derivative_shouldBeCorrectFor" fullname="Reflection.Differentiation.Derivative_shouldBeCorrectFor" classname="Reflection.Differentiation.Derivative_shouldBeCorrectFor" runstate="Runnable" testcasecount="10" result="Passed" start-time="2018-12-02 13:40:04Z" end-time="2018-12-02 13:40:04Z" duration="0.055640" total="10" passed="10" failed="0" warnings="0" inconclusive="0" skipped="0" asserts="510">
          <test-case id="1001" name="Constant" fullname="Reflection.Differentiation.Derivative_shouldBeCorrectFor.Constant" methodname="Constant" classname="Reflection.Differentiation.Derivative_shouldBeCorrectFor" runstate="Runnable" seed="1851009935" result="Passed" start-time="2018-12-02 13:40:04Z" end-time="2018-12-02 13:40:04Z" duration="0.014806" asserts="51" />
          <test-case id="1009" name="Cos1" fullname="Reflection.Differentiation.Derivative_shouldBeCorrectFor.Cos1" methodname="Cos1" classname="Reflection.Differentiation.Derivative_shouldBeCorrectFor" runstate="Runnable" seed="1459555181" result="Passed" start-time="2018-12-02 13:40:04Z" end-time="2018-12-02 13:40:04Z" duration="0.001071" asserts="51" />
          <test-case id="1010" name="Cos2" fullname="Reflection.Differentiation.Derivative_shouldBeCorrectFor.Cos2" methodname="Cos2" classname="Reflection.Differentiation.Derivative_shouldBeCorrectFor" runstate="Runnable" seed="2064755726" result="Passed" start-time="2018-12-02 13:40:04Z" end-time="2018-12-02 13:40:04Z" duration="0.000882" asserts="51" />
          <test-case id="1002" name="Parameter" fullname="Reflection.Differentiation.Derivative_shouldBeCorrectFor.Parameter" methodname="Parameter" classname="Reflection.Differentiation.Derivative_shouldBeCorrectFor" runstate="Runnable" seed="295721394" result="Passed" start-time="2018-12-02 13:40:04Z" end-time="2018-12-02 13:40:04Z" duration="0.000415" asserts="51" />
          <test-case id="1003" name="Product1" fullname="Reflection.Differentiation.Derivative_shouldBeCorrectFor.Product1" methodname="Product1" classname="Reflection.Differentiation.Derivative_shouldBeCorrectFor" runstate="Runnable" seed="1794517771" result="Passed" start-time="2018-12-02 13:40:04Z" end-time="2018-12-02 13:40:04Z" duration="0.000522" asserts="51" />
          <test-case id="1004" name="Product2" fullname="Reflection.Differentiation.Derivative_shouldBeCorrectFor.Product2" methodname="Product2" classname="Reflection.Differentiation.Derivative_shouldBeCorrectFor" runstate="Runnable" seed="897165586" result="Passed" start-time="2018-12-02 13:40:04Z" end-time="2018-12-02 13:40:04Z" duration="0.000507" asserts="51" />
          <test-case id="1007" name="Sin1" fullname="Reflection.Differentiation.Derivative_shouldBeCorrectFor.Sin1" methodname="Sin1" classname="Reflection.Differentiation.Derivative_shouldBeCorrectFor" runstate="Runnable" seed="1298218362" result="Passed" start-time="2018-12-02 13:40:04Z" end-time="2018-12-02 13:40:04Z" duration="0.000740" asserts="51" />
          <test-case id="1008" name="Sin2" fullname="Reflection.Differentiation.Derivative_shouldBeCorrectFor.Sin2" methodname="Sin2" classname="Reflection.Differentiation.Derivative_shouldBeCorrectFor" runstate="Runnable" seed="311554621" result="Passed" start-time="2018-12-02 13:40:04Z" end-time="2018-12-02 13:40:04Z" duration="0.001261" asserts="51" />
          <test-case id="1005" name="Sum1" fullname="Reflection.Differentiation.Derivative_shouldBeCorrectFor.Sum1" methodname="Sum1" classname="Reflection.Differentiation.Derivative_shouldBeCorrectFor" runstate="Runnable" seed="844266676" result="Passed" start-time="2018-12-02 13:40:04Z" end-time="2018-12-02 13:40:04Z" duration="0.000444" asserts="51" />
          <test-case id="1006" name="Sum2" fullname="Reflection.Differentiation.Derivative_shouldBeCorrectFor.Sum2" methodname="Sum2" classname="Reflection.Differentiation.Derivative_shouldBeCorrectFor" runstate="Runnable" seed="120643754" result="Passed" start-time="2018-12-02 13:40:04Z" end-time="2018-12-02 13:40:04Z" duration="0.000546" asserts="51" />
        </test-suite>
      </test-suite>
    </test-suite>
  </test-suite>
</test-run>