<?xml version="1.0" encoding="utf-8"?>
<test-run id="2" name="Incapsulation.Weights.exe" fullname="C:/Users/filepc/Desktop/ulearn/Incapsulation.Weights.csproj/bin/Debug/Incapsulation.Weights.exe" testcasecount="11" result="Passed" start-time="2018-11-08 11:38:45Z" end-time="2018-11-08 11:39:09Z" duration="23.466006" total="11" passed="11" failed="0" inconclusive="0" skipped="0" asserts="12" random-seed="14711977">
  <command-line><![CDATA["C:\Users\filepc\Desktop\ulearn\Incapsulation.Weights.csproj\bin\Debug\Incapsulation.Weights.exe" ]]></command-line>
  <filter />
  <test-suite type="Assembly" id="1012" name="Incapsulation.Weights.exe" fullname="C:/Users/filepc/Desktop/ulearn/Incapsulation.Weights.csproj/bin/Debug/Incapsulation.Weights.exe" runstate="Runnable" testcasecount="11" result="Passed" start-time="2018-11-08 11:38:45Z" end-time="2018-11-08 11:39:09Z" duration="23.466006" total="11" passed="11" failed="0" warnings="0" inconclusive="0" skipped="0" asserts="12">
    <environment framework-version="3.6.0.0" clr-version="4.0.30319.42000" os-version="Microsoft Windows NT 6.2.9200.0" platform="Win32NT" cwd="C:\Users\filepc\Desktop\ulearn\Incapsulation.Weights.csproj\bin\Debug" machine-name="MAX-PC" user="filepc" user-domain="MAX-PC" culture="ru-RU" uiculture="ru-RU" os-architecture="x86" />
    <settings>
      <setting name="WorkDirectory" value="C:\Users\filepc\Desktop\ulearn\Incapsulation.Weights.csproj\bin\Debug" />
      <setting name="NumberOfTestWorkers" value="8" />
    </settings>
    <properties>
      <property name="_PID" value="4780" />
      <property name="_APPDOMAIN" value="Incapsulation.Weights.exe" />
    </properties>
    <test-suite type="TestSuite" id="1013" name="Incapsulation" fullname="Incapsulation" runstate="Runnable" testcasecount="11" result="Passed" start-time="2018-11-08 11:38:45Z" end-time="2018-11-08 11:39:09Z" duration="23.456117" total="11" passed="11" failed="0" warnings="0" inconclusive="0" skipped="0" asserts="12">
      <test-suite type="TestSuite" id="1014" name="Weights" fullname="Incapsulation.Weights" runstate="Runnable" testcasecount="11" result="Passed" start-time="2018-11-08 11:38:45Z" end-time="2018-11-08 11:39:09Z" duration="23.453239" total="11" passed="11" failed="0" warnings="0" inconclusive="0" skipped="0" asserts="12">
        <test-suite type="TestFixture" id="1000" name="Indexer_should" fullname="Incapsulation.Weights.Indexer_should" classname="Incapsulation.Weights.Indexer_should" runstate="Runnable" testcasecount="11" result="Passed" start-time="2018-11-08 11:38:45Z" end-time="2018-11-08 11:39:09Z" duration="23.448468" total="11" passed="11" failed="0" warnings="0" inconclusive="0" skipped="0" asserts="12">
          <test-case id="1005" name="ConstructorFails_WhenRangeIsInvalid1" fullname="Incapsulation.Weights.Indexer_should.ConstructorFails_WhenRangeIsInvalid1" methodname="ConstructorFails_WhenRangeIsInvalid1" classname="Incapsulation.Weights.Indexer_should" runstate="Runnable" seed="238756611" result="Passed" start-time="2018-11-08 11:38:45Z" end-time="2018-11-08 11:38:48Z" duration="2.368178" asserts="1" />
          <test-case id="1006" name="ConstructorFails_WhenRangeIsInvalid2" fullname="Incapsulation.Weights.Indexer_should.ConstructorFails_WhenRangeIsInvalid2" methodname="ConstructorFails_WhenRangeIsInvalid2" classname="Incapsulation.Weights.Indexer_should" runstate="Runnable" seed="1326531983" result="Passed" start-time="2018-11-08 11:38:48Z" end-time="2018-11-08 11:38:49Z" duration="1.770616" asserts="1" />
          <test-case id="1007" name="ConstructorFails_WhenRangeIsInvalid3" fullname="Incapsulation.Weights.Indexer_should.ConstructorFails_WhenRangeIsInvalid3" methodname="ConstructorFails_WhenRangeIsInvalid3" classname="Incapsulation.Weights.Indexer_should" runstate="Runnable" seed="253452892" result="Passed" start-time="2018-11-08 11:38:49Z" end-time="2018-11-08 11:38:51Z" duration="1.603928" asserts="1" />
          <test-case id="1002" name="GetCorrectly" fullname="Incapsulation.Weights.Indexer_should.GetCorrectly" methodname="GetCorrectly" classname="Incapsulation.Weights.Indexer_should" runstate="Runnable" seed="610358327" result="Passed" start-time="2018-11-08 11:38:51Z" end-time="2018-11-08 11:38:53Z" duration="2.366406" asserts="2" />
          <test-case id="1001" name="HaveCorrectLength" fullname="Incapsulation.Weights.Indexer_should.HaveCorrectLength" methodname="HaveCorrectLength" classname="Incapsulation.Weights.Indexer_should" runstate="Runnable" seed="1724430682" result="Passed" start-time="2018-11-08 11:38:53Z" end-time="2018-11-08 11:38:55Z" duration="1.807421" asserts="1" />
          <test-case id="1004" name="IndexerDoesNotCopyArray" fullname="Incapsulation.Weights.Indexer_should.IndexerDoesNotCopyArray" methodname="IndexerDoesNotCopyArray" classname="Incapsulation.Weights.Indexer_should" runstate="Runnable" seed="1605347675" result="Passed" start-time="2018-11-08 11:38:55Z" end-time="2018-11-08 11:38:57Z" duration="1.989789" asserts="1" />
          <test-case id="1009" name="IndexerGetter_Fails_WhenIndexIsTooBig" fullname="Incapsulation.Weights.Indexer_should.IndexerGetter_Fails_WhenIndexIsTooBig" methodname="IndexerGetter_Fails_WhenIndexIsTooBig" classname="Incapsulation.Weights.Indexer_should" runstate="Runnable" seed="1848210809" result="Passed" start-time="2018-11-08 11:38:57Z" end-time="2018-11-08 11:38:59Z" duration="2.025951" asserts="1" />
          <test-case id="1008" name="IndexerGetter_Fails_WhenIndexIsTooSmall" fullname="Incapsulation.Weights.Indexer_should.IndexerGetter_Fails_WhenIndexIsTooSmall" methodname="IndexerGetter_Fails_WhenIndexIsTooSmall" classname="Incapsulation.Weights.Indexer_should" runstate="Runnable" seed="885137812" result="Passed" start-time="2018-11-08 11:38:59Z" end-time="2018-11-08 11:39:01Z" duration="2.064111" asserts="1" />
          <test-case id="1011" name="IndexerSetter_Fails_WhenIndexIsTooBig" fullname="Incapsulation.Weights.Indexer_should.IndexerSetter_Fails_WhenIndexIsTooBig" methodname="IndexerSetter_Fails_WhenIndexIsTooBig" classname="Incapsulation.Weights.Indexer_should" runstate="Runnable" seed="248512633" result="Passed" start-time="2018-11-08 11:39:01Z" end-time="2018-11-08 11:39:04Z" duration="2.698886" asserts="1" />
          <test-case id="1010" name="IndexerSetter_Fails_WhenIndexIsTooSmall" fullname="Incapsulation.Weights.Indexer_should.IndexerSetter_Fails_WhenIndexIsTooSmall" methodname="IndexerSetter_Fails_WhenIndexIsTooSmall" classname="Incapsulation.Weights.Indexer_should" runstate="Runnable" seed="1651386788" result="Passed" start-time="2018-11-08 11:39:04Z" end-time="2018-11-08 11:39:07Z" duration="2.780658" asserts="1" />
          <test-case id="1003" name="SetCorrectly" fullname="Incapsulation.Weights.Indexer_should.SetCorrectly" methodname="SetCorrectly" classname="Incapsulation.Weights.Indexer_should" runstate="Runnable" seed="3975216" result="Passed" start-time="2018-11-08 11:39:07Z" end-time="2018-11-08 11:39:09Z" duration="1.930648" asserts="1" />
        </test-suite>
      </test-suite>
    </test-suite>
  </test-suite>
</test-run>