<?xml version="1.0" encoding="utf-8"?>
<test-run id="2" name="Incapsulation.Failures.exe" fullname="C:/Users/filepc/Desktop/ulearn/Incapsulation.Failures.csproj/bin/Debug/Incapsulation.Failures.exe" testcasecount="3" result="Passed" start-time="2018-11-10 08:45:11Z" end-time="2018-11-10 08:45:11Z" duration="0.045420" total="3" passed="3" failed="0" inconclusive="0" skipped="0" asserts="3" random-seed="2100107320">
  <command-line><![CDATA["C:\Users\filepc\Desktop\ulearn\Incapsulation.Failures.csproj\bin\Debug\Incapsulation.Failures.exe" ]]></command-line>
  <filter />
  <test-suite type="Assembly" id="1004" name="Incapsulation.Failures.exe" fullname="C:/Users/filepc/Desktop/ulearn/Incapsulation.Failures.csproj/bin/Debug/Incapsulation.Failures.exe" runstate="Runnable" testcasecount="3" result="Passed" start-time="2018-11-10 08:45:11Z" end-time="2018-11-10 08:45:11Z" duration="0.045420" total="3" passed="3" failed="0" warnings="0" inconclusive="0" skipped="0" asserts="3">
    <environment framework-version="3.6.0.0" clr-version="4.0.30319.42000" os-version="Microsoft Windows NT 6.2.9200.0" platform="Win32NT" cwd="C:\Users\filepc\Desktop\ulearn\Incapsulation.Failures.csproj\bin\Debug" machine-name="MAX-PC" user="filepc" user-domain="MAX-PC" culture="ru-RU" uiculture="ru-RU" os-architecture="x86" />
    <settings>
      <setting name="WorkDirectory" value="C:\Users\filepc\Desktop\ulearn\Incapsulation.Failures.csproj\bin\Debug" />
      <setting name="NumberOfTestWorkers" value="8" />
    </settings>
    <properties>
      <property name="_PID" value="9424" />
      <property name="_APPDOMAIN" value="Incapsulation.Failures.exe" />
    </properties>
    <test-suite type="TestSuite" id="1005" name="Incapsulation" fullname="Incapsulation" runstate="Runnable" testcasecount="3" result="Passed" start-time="2018-11-10 08:45:11Z" end-time="2018-11-10 08:45:11Z" duration="0.036043" total="3" passed="3" failed="0" warnings="0" inconclusive="0" skipped="0" asserts="3">
      <test-suite type="TestSuite" id="1006" name="Failures" fullname="Incapsulation.Failures" runstate="Runnable" testcasecount="3" result="Passed" start-time="2018-11-10 08:45:11Z" end-time="2018-11-10 08:45:11Z" duration="0.032589" total="3" passed="3" failed="0" warnings="0" inconclusive="0" skipped="0" asserts="3">
        <test-suite type="TestFixture" id="1000" name="ReportMaker_Tests" fullname="Incapsulation.Failures.ReportMaker_Tests" classname="Incapsulation.Failures.ReportMaker_Tests" runstate="Runnable" testcasecount="3" result="Passed" start-time="2018-11-10 08:45:11Z" end-time="2018-11-10 08:45:11Z" duration="0.028117" total="3" passed="3" failed="0" warnings="0" inconclusive="0" skipped="0" asserts="3">
          <test-case id="1003" name="FilterManyDevices" fullname="Incapsulation.Failures.ReportMaker_Tests.FilterManyDevices" methodname="FilterManyDevices" classname="Incapsulation.Failures.ReportMaker_Tests" runstate="Runnable" seed="119012533" result="Passed" start-time="2018-11-10 08:45:11Z" end-time="2018-11-10 08:45:11Z" duration="0.012031" asserts="1" />
          <test-case id="1002" name="FilterSingleDevice" fullname="Incapsulation.Failures.ReportMaker_Tests.FilterSingleDevice" methodname="FilterSingleDevice" classname="Incapsulation.Failures.ReportMaker_Tests" runstate="Runnable" seed="198481212" result="Passed" start-time="2018-11-10 08:45:11Z" end-time="2018-11-10 08:45:11Z" duration="0.000763" asserts="1" />
          <test-case id="1001" name="NoDevices" fullname="Incapsulation.Failures.ReportMaker_Tests.NoDevices" methodname="NoDevices" classname="Incapsulation.Failures.ReportMaker_Tests" runstate="Runnable" seed="1614738413" result="Passed" start-time="2018-11-10 08:45:11Z" end-time="2018-11-10 08:45:11Z" duration="0.000820" asserts="1" />
        </test-suite>
      </test-suite>
    </test-suite>
  </test-suite>
</test-run>